2023-12-31 15:46:26,172 - INFO - Starting the processing of tickers.
2023-12-31 15:46:28,068 - INFO - (sync)leaking bucket: <pyrate_limiter.buckets.in_memory_bucket.InMemoryBucket object at 0x103554510>, 0 items
2023-12-31 15:46:30,071 - INFO - (sync)leaking bucket: <pyrate_limiter.buckets.in_memory_bucket.InMemoryBucket object at 0x103554510>, 15 items
2023-12-31 15:46:32,076 - INFO - (sync)leaking bucket: <pyrate_limiter.buckets.in_memory_bucket.InMemoryBucket object at 0x103554510>, 15 items
2023-12-31 15:46:34,081 - INFO - (sync)leaking bucket: <pyrate_limiter.buckets.in_memory_bucket.InMemoryBucket object at 0x103554510>, 20 items
2023-12-31 15:46:36,087 - INFO - (sync)leaking bucket: <pyrate_limiter.buckets.in_memory_bucket.InMemoryBucket object at 0x103554510>, 18 items
2023-12-31 15:46:38,092 - INFO - (sync)leaking bucket: <pyrate_limiter.buckets.in_memory_bucket.InMemoryBucket object at 0x103554510>, 17 items
2023-12-31 15:46:38,290 - INFO - Completed processing 0 HTML files for NVDA
2023-12-31 15:46:38,290 - INFO - No data to process for ticker: NVDA
2023-12-31 15:46:40,101 - INFO - (sync)leaking bucket: <pyrate_limiter.buckets.in_memory_bucket.InMemoryBucket object at 0x103554510>, 16 items
2023-12-31 15:46:42,150 - INFO - (sync)leaking bucket: <pyrate_limiter.buckets.in_memory_bucket.InMemoryBucket object at 0x103554510>, 0 items
2023-12-31 15:46:43,517 - INFO - Completed processing 8 HTML files for GOOGL
2023-12-31 15:46:43,523 - INFO - Processed 8 10-K filings for GOOGL
2023-12-31 15:46:43,538 - INFO - Successfully deleted 10-K filings folder for GOOGL
2023-12-31 15:46:44,198 - INFO - (sync)leaking bucket: <pyrate_limiter.buckets.in_memory_bucket.InMemoryBucket object at 0x103554510>, 0 items
2023-12-31 15:46:46,203 - INFO - (sync)leaking bucket: <pyrate_limiter.buckets.in_memory_bucket.InMemoryBucket object at 0x103554510>, 16 items
2023-12-31 15:46:48,208 - INFO - (sync)leaking bucket: <pyrate_limiter.buckets.in_memory_bucket.InMemoryBucket object at 0x103554510>, 18 items
2023-12-31 15:46:50,214 - INFO - (sync)leaking bucket: <pyrate_limiter.buckets.in_memory_bucket.InMemoryBucket object at 0x103554510>, 19 items
2023-12-31 15:46:52,219 - INFO - (sync)leaking bucket: <pyrate_limiter.buckets.in_memory_bucket.InMemoryBucket object at 0x103554510>, 20 items
2023-12-31 15:46:54,221 - INFO - (sync)leaking bucket: <pyrate_limiter.buckets.in_memory_bucket.InMemoryBucket object at 0x103554510>, 17 items
2023-12-31 15:46:56,226 - INFO - (sync)leaking bucket: <pyrate_limiter.buckets.in_memory_bucket.InMemoryBucket object at 0x103554510>, 17 items
2023-12-31 15:51:58,713 - INFO - Starting the processing of tickers.
2023-12-31 15:52:00,665 - INFO - (sync)leaking bucket: <pyrate_limiter.buckets.in_memory_bucket.InMemoryBucket object at 0x105090510>, 0 items
2023-12-31 15:52:02,669 - INFO - (sync)leaking bucket: <pyrate_limiter.buckets.in_memory_bucket.InMemoryBucket object at 0x105090510>, 0 items
2023-12-31 15:52:04,669 - INFO - (sync)leaking bucket: <pyrate_limiter.buckets.in_memory_bucket.InMemoryBucket object at 0x105090510>, 11 items
2023-12-31 15:52:06,675 - INFO - (sync)leaking bucket: <pyrate_limiter.buckets.in_memory_bucket.InMemoryBucket object at 0x105090510>, 9 items
2023-12-31 15:52:08,680 - INFO - (sync)leaking bucket: <pyrate_limiter.buckets.in_memory_bucket.InMemoryBucket object at 0x105090510>, 11 items
2023-12-31 15:52:10,688 - INFO - (sync)leaking bucket: <pyrate_limiter.buckets.in_memory_bucket.InMemoryBucket object at 0x105090510>, 12 items
2023-12-31 15:52:12,778 - INFO - (sync)leaking bucket: <pyrate_limiter.buckets.in_memory_bucket.InMemoryBucket object at 0x105090510>, 16 items
2023-12-31 15:52:14,944 - INFO - (sync)leaking bucket: <pyrate_limiter.buckets.in_memory_bucket.InMemoryBucket object at 0x105090510>, 5 items
2023-12-31 15:52:17,021 - INFO - (sync)leaking bucket: <pyrate_limiter.buckets.in_memory_bucket.InMemoryBucket object at 0x105090510>, 1 items
2023-12-31 15:52:19,626 - INFO - (sync)leaking bucket: <pyrate_limiter.buckets.in_memory_bucket.InMemoryBucket object at 0x105090510>, 1 items
2023-12-31 15:52:21,670 - INFO - (sync)leaking bucket: <pyrate_limiter.buckets.in_memory_bucket.InMemoryBucket object at 0x105090510>, 1 items
2023-12-31 15:52:21,779 - INFO - Completed processing 22 HTML files for AAPL
2023-12-31 15:52:21,779 - INFO - Processed 22 10-K filings for AAPL
2023-12-31 15:52:21,786 - INFO - Successfully deleted 10-K filings folder for AAPL
2023-12-31 15:52:21,801 - INFO - Processed ticker: AAPL
2023-12-31 15:52:23,858 - INFO - (sync)leaking bucket: <pyrate_limiter.buckets.in_memory_bucket.InMemoryBucket object at 0x105090510>, 1 items
2023-12-31 15:52:26,080 - INFO - (sync)leaking bucket: <pyrate_limiter.buckets.in_memory_bucket.InMemoryBucket object at 0x105090510>, 0 items
2023-12-31 15:52:28,194 - INFO - (sync)leaking bucket: <pyrate_limiter.buckets.in_memory_bucket.InMemoryBucket object at 0x105090510>, 0 items
2023-12-31 15:52:30,698 - INFO - (sync)leaking bucket: <pyrate_limiter.buckets.in_memory_bucket.InMemoryBucket object at 0x105090510>, 0 items
2023-12-31 15:52:32,782 - INFO - (sync)leaking bucket: <pyrate_limiter.buckets.in_memory_bucket.InMemoryBucket object at 0x105090510>, 0 items
2023-12-31 15:52:34,915 - INFO - (sync)leaking bucket: <pyrate_limiter.buckets.in_memory_bucket.InMemoryBucket object at 0x105090510>, 0 items
2023-12-31 15:52:36,969 - INFO - (sync)leaking bucket: <pyrate_limiter.buckets.in_memory_bucket.InMemoryBucket object at 0x105090510>, 0 items
2023-12-31 15:52:38,743 - INFO - Completed processing 22 HTML files for MSFT
2023-12-31 15:52:38,744 - INFO - Processed 22 10-K filings for MSFT
2023-12-31 15:52:38,750 - INFO - Successfully deleted 10-K filings folder for MSFT
2023-12-31 15:52:38,767 - INFO - Processed ticker: MSFT
2023-12-31 15:52:38,774 - INFO - Completed 100.00% (Processed 2 of 2 tickers)
2023-12-31 15:52:38,805 - INFO - All ticker data processed and exported.
2023-12-31 16:15:55,950 - INFO - Starting the processing of tickers.
2023-12-31 16:15:57,074 - INFO - Completed 100.00% (Processed 2 of 2 tickers)
2023-12-31 16:15:57,074 - INFO - All ticker data processed and exported.
2023-12-31 16:16:20,325 - INFO - Starting the processing of tickers.
2023-12-31 16:16:22,276 - INFO - (sync)leaking bucket: <pyrate_limiter.buckets.in_memory_bucket.InMemoryBucket object at 0x12560b9d0>, 0 items
2023-12-31 16:16:24,282 - INFO - (sync)leaking bucket: <pyrate_limiter.buckets.in_memory_bucket.InMemoryBucket object at 0x12560b9d0>, 0 items
2023-12-31 16:16:26,283 - INFO - (sync)leaking bucket: <pyrate_limiter.buckets.in_memory_bucket.InMemoryBucket object at 0x12560b9d0>, 6 items
2023-12-31 16:16:28,288 - INFO - (sync)leaking bucket: <pyrate_limiter.buckets.in_memory_bucket.InMemoryBucket object at 0x12560b9d0>, 4 items
2023-12-31 16:16:30,292 - INFO - (sync)leaking bucket: <pyrate_limiter.buckets.in_memory_bucket.InMemoryBucket object at 0x12560b9d0>, 4 items
2023-12-31 16:16:32,293 - INFO - (sync)leaking bucket: <pyrate_limiter.buckets.in_memory_bucket.InMemoryBucket object at 0x12560b9d0>, 4 items
2023-12-31 16:16:34,408 - INFO - (sync)leaking bucket: <pyrate_limiter.buckets.in_memory_bucket.InMemoryBucket object at 0x12560b9d0>, 1 items
2023-12-31 16:16:36,484 - INFO - (sync)leaking bucket: <pyrate_limiter.buckets.in_memory_bucket.InMemoryBucket object at 0x12560b9d0>, 0 items
2023-12-31 16:16:37,339 - INFO - Completed processing 8 HTML files for GOOGL
2023-12-31 16:16:37,341 - INFO - Processed 8 10-K filings for GOOGL
2023-12-31 16:16:37,342 - INFO - Successfully deleted 10-K filings folder for GOOGL
2023-12-31 16:16:37,350 - INFO - Processed ticker: GOOGL
2023-12-31 16:16:37,358 - INFO - Completed 100.00% (Processed 3 of 3 tickers)
2023-12-31 16:16:37,365 - INFO - All ticker data processed and exported.
